<?xml version="1.0" encoding="UTF-8"?>
<testsuite xmlns:xsi="http://www.w3.org/2001/XMLSchema-instance" xsi:noNamespaceSchemaLocation="https://maven.apache.org/surefire/maven-surefire-plugin/xsd/surefire-test-report.xsd" name="com.gestion_compte.AppTest" time="0.023" tests="1" errors="0" skipped="0" failures="0">
  <properties>
    <property name="sun.desktop" value="gnome"/>
    <property name="awt.toolkit" value="sun.awt.X11.XToolkit"/>
    <property name="java.specification.version" value="11"/>
    <property name="sun.cpu.isalist" value=""/>
    <property name="sun.jnu.encoding" value="UTF-8"/>
    <property name="java.class.path" value="/import/etud/22/agravouil001/Bureau/Projet/projet_L3_chat_SD_SE/gestion_compte/target/test-classes:/import/etud/22/agravouil001/Bureau/Projet/projet_L3_chat_SD_SE/gestion_compte/target/classes:/home/22/agravouil001/.m2/repository/junit/junit/4.11/junit-4.11.jar:/home/22/agravouil001/.m2/repository/org/hamcrest/hamcrest-core/1.3/hamcrest-core-1.3.jar:"/>
    <property name="java.vm.vendor" value="Oracle Corporation"/>
    <property name="sun.arch.data.model" value="64"/>
    <property name="java.vendor.url" value="https://openjdk.java.net/"/>
    <property name="user.timezone" value=""/>
    <property name="java.vm.specification.version" value="11"/>
    <property name="os.name" value="Linux"/>
    <property name="user.country" value="FR"/>
    <property name="sun.java.launcher" value="SUN_STANDARD"/>
    <property name="sun.boot.library.path" value="/usr/lib/jvm/jdk-11/lib"/>
    <property name="sun.java.command" value="/import/etud/22/agravouil001/Bureau/Projet/projet_L3_chat_SD_SE/gestion_compte/target/surefire/surefirebooter13469284538878757468.jar /import/etud/22/agravouil001/Bureau/Projet/projet_L3_chat_SD_SE/gestion_compte/target/surefire 2024-04-19T14-32-23_928-jvmRun1 surefire13743906809456375346tmp surefire_012190681771013838041tmp"/>
    <property name="jdk.debug" value="release"/>
    <property name="surefire.test.class.path" value="/import/etud/22/agravouil001/Bureau/Projet/projet_L3_chat_SD_SE/gestion_compte/target/test-classes:/import/etud/22/agravouil001/Bureau/Projet/projet_L3_chat_SD_SE/gestion_compte/target/classes:/home/22/agravouil001/.m2/repository/junit/junit/4.11/junit-4.11.jar:/home/22/agravouil001/.m2/repository/org/hamcrest/hamcrest-core/1.3/hamcrest-core-1.3.jar:"/>
    <property name="sun.cpu.endian" value="little"/>
    <property name="user.home" value="/home/22/agravouil001"/>
    <property name="user.language" value="fr"/>
    <property name="java.specification.vendor" value="Oracle Corporation"/>
    <property name="java.version.date" value="2023-04-18"/>
    <property name="java.home" value="/usr/lib/jvm/jdk-11"/>
    <property name="file.separator" value="/"/>
    <property name="basedir" value="/import/etud/22/agravouil001/Bureau/Projet/projet_L3_chat_SD_SE/gestion_compte"/>
    <property name="java.vm.compressedOopsMode" value="Zero based"/>
    <property name="line.separator" value="&#10;"/>
    <property name="java.specification.name" value="Java Platform API Specification"/>
    <property name="java.vm.specification.vendor" value="Oracle Corporation"/>
    <property name="java.awt.graphicsenv" value="sun.awt.X11GraphicsEnvironment"/>
    <property name="surefire.real.class.path" value="/import/etud/22/agravouil001/Bureau/Projet/projet_L3_chat_SD_SE/gestion_compte/target/surefire/surefirebooter13469284538878757468.jar"/>
    <property name="sun.management.compiler" value="HotSpot 64-Bit Tiered Compilers"/>
    <property name="java.runtime.version" value="11.0.19+9-LTS-224"/>
    <property name="user.name" value="agravouil001"/>
    <property name="path.separator" value=":"/>
    <property name="os.version" value="5.4.0-147-generic"/>
    <property name="java.runtime.name" value="Java(TM) SE Runtime Environment"/>
    <property name="file.encoding" value="UTF-8"/>
    <property name="java.vm.name" value="Java HotSpot(TM) 64-Bit Server VM"/>
    <property name="java.vendor.version" value="18.9"/>
    <property name="maven.ext.class.path" value="/usr/lib/apache-netbeans/java/maven-nblib/netbeans-eventspy.jar"/>
    <property name="localRepository" value="/home/22/agravouil001/.m2/repository"/>
    <property name="java.vendor.url.bug" value="https://bugreport.java.com/bugreport/"/>
    <property name="java.io.tmpdir" value="/tmp"/>
    <property name="java.version" value="11.0.19"/>
    <property name="user.dir" value="/import/etud/22/agravouil001/Bureau/Projet/projet_L3_chat_SD_SE/gestion_compte"/>
    <property name="os.arch" value="amd64"/>
    <property name="java.vm.specification.name" value="Java Virtual Machine Specification"/>
    <property name="java.awt.printerjob" value="sun.print.PSPrinterJob"/>
    <property name="sun.os.patch.level" value="unknown"/>
    <property name="java.library.path" value="/opt/nvidia/hpc_sdk/Linux_x86_64/22.5/cuda/lib64:/opt/nvidia/hpc_sdk/Linux_x86_64/22.5/cuda/extras/CUPTI/lib64:/opt/nvidia/hpc_sdk/Linux_x86_64/22.5/compilers/extras/qd/lib:/opt/nvidia/hpc_sdk/Linux_x86_64/22.5/compilers/lib:/opt/nvidia/hpc_sdk/Linux_x86_64/22.5/math_libs/lib64:/opt/nvidia/hpc_sdk/Linux_x86_64/22.5/comm_libs/mpi/lib:/opt/nvidia/hpc_sdk/Linux_x86_64/22.5/comm_libs/nccl/lib:/opt/nvidia/hpc_sdk/Linux_x86_64/22.5/comm_libs/nvshmem/lib::/usr/java/packages/lib:/usr/lib64:/lib64:/lib:/usr/lib"/>
    <property name="java.vendor" value="Oracle Corporation"/>
    <property name="java.vm.info" value="mixed mode"/>
    <property name="java.vm.version" value="11.0.19+9-LTS-224"/>
    <property name="sun.io.unicode.encoding" value="UnicodeLittle"/>
    <property name="java.class.version" value="55.0"/>
  </properties>
  <testcase name="shouldAnswerWithTrue" classname="com.gestion_compte.AppTest" time="0.001"/>
</testsuite>